Arguments: 
  /home/me0dira/.nvm/versions/node/v16.15.1/bin/node /home/me0dira/.nvm/versions/node/v16.15.1/bin/yarn add typescript

PATH: 
  /home/me0dira/.nvm/versions/node/v16.15.1/bin:/home/me0dira/.local/bin:/usr/local/sbin:/usr/local/bin:/usr/sbin:/usr/bin:/sbin:/bin:/usr/games:/usr/local/games:/snap/bin

Yarn version: 
  1.22.19

Node version: 
  16.15.1

Platform: 
  linux x64

Trace: 
  Error: getaddrinfo EAI_AGAIN registry.yarnpkg.com
      at GetAddrInfoReqWrap.onlookup [as oncomplete] (node:dns:71:26)

npm manifest: 
  {
    "name": "algorithm_datastructure",
    "version": "1.0.0",
    "main": "index.js",
    "license": "MIT"
  }

yarn manifest: 
  No manifest

Lockfile: 
  No lockfile
